2025-10-17 15:29:54,229 | INFO     | Use pytorch device_name: cpu
2025-10-17 15:29:54,229 | INFO     | Load pretrained SentenceTransformer: intfloat/multilingual-e5-base
2025-10-17 15:30:02,122 | INFO     | 🚀 Lancement du module d'indexation Qdrant
2025-10-17 15:30:06,205 | ERROR    | ❌ Erreur pendant l’indexation : [WinError 10061] Aucune connexion n’a pu être établie car l’ordinateur cible l’a expressément refusée
2025-10-17 15:44:14,310 | INFO     | Use pytorch device_name: cpu
2025-10-17 15:44:14,311 | INFO     | Load pretrained SentenceTransformer: intfloat/multilingual-e5-base
2025-10-17 15:44:17,981 | INFO     | HTTP Request: GET http://localhost:6333 "HTTP/1.1 200 OK"
2025-10-17 15:44:17,982 | INFO     | 🚀 Lancement du module d'indexation Qdrant
2025-10-17 15:44:17,997 | INFO     | HTTP Request: GET http://localhost:6333/collections/bofip_hybrid/exists "HTTP/1.1 200 OK"
2025-10-17 15:44:17,998 | INFO     | ✅ Collection 'bofip_hybrid' déjà existante.
2025-10-17 15:44:17,998 | INFO     | 📥 Début d’indexation de 3 documents dans 'bofip_hybrid'...
2025-10-17 15:44:18,093 | ERROR    | ❌ Erreur pendant l’indexation : 100 validation errors for PointStruct
vector.list[float]
  Input should be a valid list [type=list_type, input_value={'dense': [0.031305368989...80': 1.0, '49626': 1.0}}, input_type=dict]
    For further information visit https://errors.pydantic.dev/2.11/v/list_type
vector.list[list[float]]
  Input should be a valid list [type=list_type, input_value={'dense': [0.031305368989...80': 1.0, '49626': 1.0}}, input_type=dict]
    For further information visit https://errors.pydantic.dev/2.11/v/list_type
vector.dict[str,union[list[float],SparseVector,list[list[float]],Document,Image,InferenceObject]].sparse.list[float]
  Input should be a valid list [type=list_type, input_value={'853': 1.0, '3563': 1.0,...780': 1.0, '49626': 1.0}, input_type=dict]
    For further information visit https://errors.pydantic.dev/2.11/v/list_type
vector.dict[str,union[list[float],SparseVector,list[list[float]],Document,Image,InferenceObject]].sparse.SparseVector.indices
  Field required [type=missing, input_value={'853': 1.0, '3563': 1.0,...780': 1.0, '49626': 1.0}, input_type=dict]
    For further information visit https://errors.pydantic.dev/2.11/v/missing
vector.dict[str,union[list[float],SparseVector,list[list[float]],Document,Image,InferenceObject]].sparse.SparseVector.values
  Field required [type=missing, input_value={'853': 1.0, '3563': 1.0,...780': 1.0, '49626': 1.0}, input_type=dict]
    For further information visit https://errors.pydantic.dev/2.11/v/missing
vector.dict[str,union[list[float],SparseVector,list[list[float]],Document,Image,InferenceObject]].sparse.SparseVector.853
  Extra inputs are not permitted [type=extra_forbidden, input_value=1.0, input_type=float]
    For further information visit https://errors.pydantic.dev/2.11/v/extra_forbidden
vector.dict[str,union[list[float],SparseVector,list[list[float]],Document,Image,InferenceObject]].sparse.SparseVector.3563
  Extra inputs are not permitted [type=extra_forbidden, input_value=1.0, input_type=float]
    For further information visit https://errors.pydantic.dev/2.11/v/extra_forbidden
vector.dict[str,union[list[float],SparseVector,list[list[float]],Document,Image,InferenceObject]].sparse.SparseVector.4984
  Extra inputs are not permitted [type=extra_forbidden, input_value=1.0, input_type=float]
    For further information visit https://errors.pydantic.dev/2.11/v/extra_forbidden
vector.dict[str,union[list[float],SparseVector,list[list[float]],Document,Image,InferenceObject]].sparse.SparseVector.8031
  Extra inputs are not permitted [type=extra_forbidden, input_value=1.0, input_type=float]
    For further information visit https://errors.pydantic.dev/2.11/v/extra_forbidden
vector.dict[str,union[list[float],SparseVector,list[list[float]],Document,Image,InferenceObject]].sparse.SparseVector.14687
  Extra inputs are not permitted [type=extra_forbidden, input_value=1.0, input_type=float]
    For further information visit https://errors.pydantic.dev/2.11/v/extra_forbidden
vector.dict[str,union[list[float],SparseVector,list[list[float]],Document,Image,InferenceObject]].sparse.SparseVector.17699
  Extra inputs are not permitted [type=extra_forbidden, input_value=1.0, input_type=float]
    For further information visit https://errors.pydantic.dev/2.11/v/extra_forbidden
vector.dict[str,union[list[float],SparseVector,list[list[float]],Document,Image,InferenceObject]].sparse.SparseVector.21676
  Extra inputs are not permitted [type=extra_forbidden, input_value=1.0, input_type=float]
    For further information visit https://errors.pydantic.dev/2.11/v/extra_forbidden
vector.dict[str,union[list[float],SparseVector,list[list[float]],Document,Image,InferenceObject]].sparse.SparseVector.21761
  Extra inputs are not permitted [type=extra_forbidden, input_value=1.0, input_type=float]
    For further information visit https://errors.pydantic.dev/2.11/v/extra_forbidden
vector.dict[str,union[list[float],SparseVector,list[list[float]],Document,Image,InferenceObject]].sparse.SparseVector.27771
  Extra inputs are not permitted [type=extra_forbidden, input_value=1.0, input_type=float]
    For further information visit https://errors.pydantic.dev/2.11/v/extra_forbidden
vector.dict[str,union[list[float],SparseVector,list[list[float]],Document,Image,InferenceObject]].sparse.SparseVector.29191
  Extra inputs are not permitted [type=extra_forbidden, input_value=1.0, input_type=float]
    For further information visit https://errors.pydantic.dev/2.11/v/extra_forbidden
vector.dict[str,union[list[float],SparseVector,list[list[float]],Document,Image,InferenceObject]].sparse.SparseVector.29613
  Extra inputs are not permitted [type=extra_forbidden, input_value=1.0, input_type=float]
    For further information visit https://errors.pydantic.dev/2.11/v/extra_forbidden
vector.dict[str,union[list[float],SparseVector,list[list[float]],Document,Image,InferenceObject]].sparse.SparseVector.29859
  Extra inputs are not permitted [type=extra_forbidden, input_value=1.0, input_type=float]
    For further information visit https://errors.pydantic.dev/2.11/v/extra_forbidden
vector.dict[str,union[list[float],SparseVector,list[list[float]],Document,Image,InferenceObject]].sparse.SparseVector.31958
  Extra inputs are not permitted [type=extra_forbidden, input_value=1.0, input_type=float]
    For further information visit https://errors.pydantic.dev/2.11/v/extra_forbidden
vector.dict[str,union[list[float],SparseVector,list[list[float]],Document,Image,InferenceObject]].sparse.SparseVector.34430
  Extra inputs are not permitted [type=extra_forbidden, input_value=1.0, input_type=float]
    For further information visit https://errors.pydantic.dev/2.11/v/extra_forbidden
vector.dict[str,union[list[float],SparseVector,list[list[float]],Document,Image,InferenceObject]].sparse.SparseVector.35275
  Extra inputs are not permitted [type=extra_forbidden, input_value=1.0, input_type=float]
    For further information visit https://errors.pydantic.dev/2.11/v/extra_forbidden
vector.dict[str,union[list[float],SparseVector,list[list[float]],Document,Image,InferenceObject]].sparse.SparseVector.36078
  Extra inputs are not permitted [type=extra_forbidden, input_value=1.0, input_type=float]
    For further information visit https://errors.pydantic.dev/2.11/v/extra_forbidden
vector.dict[str,union[list[float],SparseVector,list[list[float]],Document,Image,InferenceObject]].sparse.SparseVector.39175
  Extra inputs are not permitted [type=extra_forbidden, input_value=1.0, input_type=float]
    For further information visit https://errors.pydantic.dev/2.11/v/extra_forbidden
vector.dict[str,union[list[float],SparseVector,list[list[float]],Document,Image,InferenceObject]].sparse.SparseVector.39780
  Extra inputs are not permitted [type=extra_forbidden, input_value=1.0, input_type=float]
    For further information visit https://errors.pydantic.dev/2.11/v/extra_forbidden
vector.dict[str,union[list[float],SparseVector,list[list[float]],Document,Image,InferenceObject]].sparse.SparseVector.49626
  Extra inputs are not permitted [type=extra_forbidden, input_value=1.0, input_type=float]
    For further information visit https://errors.pydantic.dev/2.11/v/extra_forbidden
vector.dict[str,union[list[float],SparseVector,list[list[float]],Document,Image,InferenceObject]].sparse.list[list[float]]
  Input should be a valid list [type=list_type, input_value={'853': 1.0, '3563': 1.0,...780': 1.0, '49626': 1.0}, input_type=dict]
    For further information visit https://errors.pydantic.dev/2.11/v/list_type
vector.dict[str,union[list[float],SparseVector,list[list[float]],Document,Image,InferenceObject]].sparse.Document.text
  Field required [type=missing, input_value={'853': 1.0, '3563': 1.0,...780': 1.0, '49626': 1.0}, input_type=dict]
    For further information visit https://errors.pydantic.dev/2.11/v/missing
vector.dict[str,union[list[float],SparseVector,list[list[float]],Document,Image,InferenceObject]].sparse.Document.model
  Field required [type=missing, input_value={'853': 1.0, '3563': 1.0,...780': 1.0, '49626': 1.0}, input_type=dict]
    For further information visit https://errors.pydantic.dev/2.11/v/missing
vector.dict[str,union[list[float],SparseVector,list[list[float]],Document,Image,InferenceObject]].sparse.Document.853
  Extra inputs are not permitted [type=extra_forbidden, input_value=1.0, input_type=float]
    For further information visit https://errors.pydantic.dev/2.11/v/extra_forbidden
vector.dict[str,union[list[float],SparseVector,list[list[float]],Document,Image,InferenceObject]].sparse.Document.3563
  Extra inputs are not permitted [type=extra_forbidden, input_value=1.0, input_type=float]
    For further information visit https://errors.pydantic.dev/2.11/v/extra_forbidden
vector.dict[str,union[list[float],SparseVector,list[list[float]],Document,Image,InferenceObject]].sparse.Document.4984
  Extra inputs are not permitted [type=extra_forbidden, input_value=1.0, input_type=float]
    For further information visit https://errors.pydantic.dev/2.11/v/extra_forbidden
vector.dict[str,union[list[float],SparseVector,list[list[float]],Document,Image,InferenceObject]].sparse.Document.8031
  Extra inputs are not permitted [type=extra_forbidden, input_value=1.0, input_type=float]
    For further information visit https://errors.pydantic.dev/2.11/v/extra_forbidden
vector.dict[str,union[list[float],SparseVector,list[list[float]],Document,Image,InferenceObject]].sparse.Document.14687
  Extra inputs are not permitted [type=extra_forbidden, input_value=1.0, input_type=float]
    For further information visit https://errors.pydantic.dev/2.11/v/extra_forbidden
vector.dict[str,union[list[float],SparseVector,list[list[float]],Document,Image,InferenceObject]].sparse.Document.17699
  Extra inputs are not permitted [type=extra_forbidden, input_value=1.0, input_type=float]
    For further information visit https://errors.pydantic.dev/2.11/v/extra_forbidden
vector.dict[str,union[list[float],SparseVector,list[list[float]],Document,Image,InferenceObject]].sparse.Document.21676
  Extra inputs are not permitted [type=extra_forbidden, input_value=1.0, input_type=float]
    For further information visit https://errors.pydantic.dev/2.11/v/extra_forbidden
vector.dict[str,union[list[float],SparseVector,list[list[float]],Document,Image,InferenceObject]].sparse.Document.21761
  Extra inputs are not permitted [type=extra_forbidden, input_value=1.0, input_type=float]
    For further information visit https://errors.pydantic.dev/2.11/v/extra_forbidden
vector.dict[str,union[list[float],SparseVector,list[list[float]],Document,Image,InferenceObject]].sparse.Document.27771
  Extra inputs are not permitted [type=extra_forbidden, input_value=1.0, input_type=float]
    For further information visit https://errors.pydantic.dev/2.11/v/extra_forbidden
vector.dict[str,union[list[float],SparseVector,list[list[float]],Document,Image,InferenceObject]].sparse.Document.29191
  Extra inputs are not permitted [type=extra_forbidden, input_value=1.0, input_type=float]
    For further information visit https://errors.pydantic.dev/2.11/v/extra_forbidden
vector.dict[str,union[list[float],SparseVector,list[list[float]],Document,Image,InferenceObject]].sparse.Document.29613
  Extra inputs are not permitted [type=extra_forbidden, input_value=1.0, input_type=float]
    For further information visit https://errors.pydantic.dev/2.11/v/extra_forbidden
vector.dict[str,union[list[float],SparseVector,list[list[float]],Document,Image,InferenceObject]].sparse.Document.29859
  Extra inputs are not permitted [type=extra_forbidden, input_value=1.0, input_type=float]
    For further information visit https://errors.pydantic.dev/2.11/v/extra_forbidden
vector.dict[str,union[list[float],SparseVector,list[list[float]],Document,Image,InferenceObject]].sparse.Document.31958
  Extra inputs are not permitted [type=extra_forbidden, input_value=1.0, input_type=float]
    For further information visit https://errors.pydantic.dev/2.11/v/extra_forbidden
vector.dict[str,union[list[float],SparseVector,list[list[float]],Document,Image,InferenceObject]].sparse.Document.34430
  Extra inputs are not permitted [type=extra_forbidden, input_value=1.0, input_type=float]
    For further information visit https://errors.pydantic.dev/2.11/v/extra_forbidden
vector.dict[str,union[list[float],SparseVector,list[list[float]],Document,Image,InferenceObject]].sparse.Document.35275
  Extra inputs are not permitted [type=extra_forbidden, input_value=1.0, input_type=float]
    For further information visit https://errors.pydantic.dev/2.11/v/extra_forbidden
vector.dict[str,union[list[float],SparseVector,list[list[float]],Document,Image,InferenceObject]].sparse.Document.36078
  Extra inputs are not permitted [type=extra_forbidden, input_value=1.0, input_type=float]
    For further information visit https://errors.pydantic.dev/2.11/v/extra_forbidden
vector.dict[str,union[list[float],SparseVector,list[list[float]],Document,Image,InferenceObject]].sparse.Document.39175
  Extra inputs are not permitted [type=extra_forbidden, input_value=1.0, input_type=float]
    For further information visit https://errors.pydantic.dev/2.11/v/extra_forbidden
vector.dict[str,union[list[float],SparseVector,list[list[float]],Document,Image,InferenceObject]].sparse.Document.39780
  Extra inputs are not permitted [type=extra_forbidden, input_value=1.0, input_type=float]
    For further information visit https://errors.pydantic.dev/2.11/v/extra_forbidden
vector.dict[str,union[list[float],SparseVector,list[list[float]],Document,Image,InferenceObject]].sparse.Document.49626
  Extra inputs are not permitted [type=extra_forbidden, input_value=1.0, input_type=float]
    For further information visit https://errors.pydantic.dev/2.11/v/extra_forbidden
vector.dict[str,union[list[float],SparseVector,list[list[float]],Document,Image,InferenceObject]].sparse.Image.image
  Field required [type=missing, input_value={'853': 1.0, '3563': 1.0,...780': 1.0, '49626': 1.0}, input_type=dict]
    For further information visit https://errors.pydantic.dev/2.11/v/missing
vector.dict[str,union[list[float],SparseVector,list[list[float]],Document,Image,InferenceObject]].sparse.Image.model
  Field required [type=missing, input_value={'853': 1.0, '3563': 1.0,...780': 1.0, '49626': 1.0}, input_type=dict]
    For further information visit https://errors.pydantic.dev/2.11/v/missing
vector.dict[str,union[list[float],SparseVector,list[list[float]],Document,Image,InferenceObject]].sparse.Image.853
  Extra inputs are not permitted [type=extra_forbidden, input_value=1.0, input_type=float]
    For further information visit https://errors.pydantic.dev/2.11/v/extra_forbidden
vector.dict[str,union[list[float],SparseVector,list[list[float]],Document,Image,InferenceObject]].sparse.Image.3563
  Extra inputs are not permitted [type=extra_forbidden, input_value=1.0, input_type=float]
    For further information visit https://errors.pydantic.dev/2.11/v/extra_forbidden
vector.dict[str,union[list[float],SparseVector,list[list[float]],Document,Image,InferenceObject]].sparse.Image.4984
  Extra inputs are not permitted [type=extra_forbidden, input_value=1.0, input_type=float]
    For further information visit https://errors.pydantic.dev/2.11/v/extra_forbidden
vector.dict[str,union[list[float],SparseVector,list[list[float]],Document,Image,InferenceObject]].sparse.Image.8031
  Extra inputs are not permitted [type=extra_forbidden, input_value=1.0, input_type=float]
    For further information visit https://errors.pydantic.dev/2.11/v/extra_forbidden
vector.dict[str,union[list[float],SparseVector,list[list[float]],Document,Image,InferenceObject]].sparse.Image.14687
  Extra inputs are not permitted [type=extra_forbidden, input_value=1.0, input_type=float]
    For further information visit https://errors.pydantic.dev/2.11/v/extra_forbidden
vector.dict[str,union[list[float],SparseVector,list[list[float]],Document,Image,InferenceObject]].sparse.Image.17699
  Extra inputs are not permitted [type=extra_forbidden, input_value=1.0, input_type=float]
    For further information visit https://errors.pydantic.dev/2.11/v/extra_forbidden
vector.dict[str,union[list[float],SparseVector,list[list[float]],Document,Image,InferenceObject]].sparse.Image.21676
  Extra inputs are not permitted [type=extra_forbidden, input_value=1.0, input_type=float]
    For further information visit https://errors.pydantic.dev/2.11/v/extra_forbidden
vector.dict[str,union[list[float],SparseVector,list[list[float]],Document,Image,InferenceObject]].sparse.Image.21761
  Extra inputs are not permitted [type=extra_forbidden, input_value=1.0, input_type=float]
    For further information visit https://errors.pydantic.dev/2.11/v/extra_forbidden
vector.dict[str,union[list[float],SparseVector,list[list[float]],Document,Image,InferenceObject]].sparse.Image.27771
  Extra inputs are not permitted [type=extra_forbidden, input_value=1.0, input_type=float]
    For further information visit https://errors.pydantic.dev/2.11/v/extra_forbidden
vector.dict[str,union[list[float],SparseVector,list[list[float]],Document,Image,InferenceObject]].sparse.Image.29191
  Extra inputs are not permitted [type=extra_forbidden, input_value=1.0, input_type=float]
    For further information visit https://errors.pydantic.dev/2.11/v/extra_forbidden
vector.dict[str,union[list[float],SparseVector,list[list[float]],Document,Image,InferenceObject]].sparse.Image.29613
  Extra inputs are not permitted [type=extra_forbidden, input_value=1.0, input_type=float]
    For further information visit https://errors.pydantic.dev/2.11/v/extra_forbidden
vector.dict[str,union[list[float],SparseVector,list[list[float]],Document,Image,InferenceObject]].sparse.Image.29859
  Extra inputs are not permitted [type=extra_forbidden, input_value=1.0, input_type=float]
    For further information visit https://errors.pydantic.dev/2.11/v/extra_forbidden
vector.dict[str,union[list[float],SparseVector,list[list[float]],Document,Image,InferenceObject]].sparse.Image.31958
  Extra inputs are not permitted [type=extra_forbidden, input_value=1.0, input_type=float]
    For further information visit https://errors.pydantic.dev/2.11/v/extra_forbidden
vector.dict[str,union[list[float],SparseVector,list[list[float]],Document,Image,InferenceObject]].sparse.Image.34430
  Extra inputs are not permitted [type=extra_forbidden, input_value=1.0, input_type=float]
    For further information visit https://errors.pydantic.dev/2.11/v/extra_forbidden
vector.dict[str,union[list[float],SparseVector,list[list[float]],Document,Image,InferenceObject]].sparse.Image.35275
  Extra inputs are not permitted [type=extra_forbidden, input_value=1.0, input_type=float]
    For further information visit https://errors.pydantic.dev/2.11/v/extra_forbidden
vector.dict[str,union[list[float],SparseVector,list[list[float]],Document,Image,InferenceObject]].sparse.Image.36078
  Extra inputs are not permitted [type=extra_forbidden, input_value=1.0, input_type=float]
    For further information visit https://errors.pydantic.dev/2.11/v/extra_forbidden
vector.dict[str,union[list[float],SparseVector,list[list[float]],Document,Image,InferenceObject]].sparse.Image.39175
  Extra inputs are not permitted [type=extra_forbidden, input_value=1.0, input_type=float]
    For further information visit https://errors.pydantic.dev/2.11/v/extra_forbidden
vector.dict[str,union[list[float],SparseVector,list[list[float]],Document,Image,InferenceObject]].sparse.Image.39780
  Extra inputs are not permitted [type=extra_forbidden, input_value=1.0, input_type=float]
    For further information visit https://errors.pydantic.dev/2.11/v/extra_forbidden
vector.dict[str,union[list[float],SparseVector,list[list[float]],Document,Image,InferenceObject]].sparse.Image.49626
  Extra inputs are not permitted [type=extra_forbidden, input_value=1.0, input_type=float]
    For further information visit https://errors.pydantic.dev/2.11/v/extra_forbidden
vector.dict[str,union[list[float],SparseVector,list[list[float]],Document,Image,InferenceObject]].sparse.InferenceObject.object
  Field required [type=missing, input_value={'853': 1.0, '3563': 1.0,...780': 1.0, '49626': 1.0}, input_type=dict]
    For further information visit https://errors.pydantic.dev/2.11/v/missing
vector.dict[str,union[list[float],SparseVector,list[list[float]],Document,Image,InferenceObject]].sparse.InferenceObject.model
  Field required [type=missing, input_value={'853': 1.0, '3563': 1.0,...780': 1.0, '49626': 1.0}, input_type=dict]
    For further information visit https://errors.pydantic.dev/2.11/v/missing
vector.dict[str,union[list[float],SparseVector,list[list[float]],Document,Image,InferenceObject]].sparse.InferenceObject.853
  Extra inputs are not permitted [type=extra_forbidden, input_value=1.0, input_type=float]
    For further information visit https://errors.pydantic.dev/2.11/v/extra_forbidden
vector.dict[str,union[list[float],SparseVector,list[list[float]],Document,Image,InferenceObject]].sparse.InferenceObject.3563
  Extra inputs are not permitted [type=extra_forbidden, input_value=1.0, input_type=float]
    For further information visit https://errors.pydantic.dev/2.11/v/extra_forbidden
vector.dict[str,union[list[float],SparseVector,list[list[float]],Document,Image,InferenceObject]].sparse.InferenceObject.4984
  Extra inputs are not permitted [type=extra_forbidden, input_value=1.0, input_type=float]
    For further information visit https://errors.pydantic.dev/2.11/v/extra_forbidden
vector.dict[str,union[list[float],SparseVector,list[list[float]],Document,Image,InferenceObject]].sparse.InferenceObject.8031
  Extra inputs are not permitted [type=extra_forbidden, input_value=1.0, input_type=float]
    For further information visit https://errors.pydantic.dev/2.11/v/extra_forbidden
vector.dict[str,union[list[float],SparseVector,list[list[float]],Document,Image,InferenceObject]].sparse.InferenceObject.14687
  Extra inputs are not permitted [type=extra_forbidden, input_value=1.0, input_type=float]
    For further information visit https://errors.pydantic.dev/2.11/v/extra_forbidden
vector.dict[str,union[list[float],SparseVector,list[list[float]],Document,Image,InferenceObject]].sparse.InferenceObject.17699
  Extra inputs are not permitted [type=extra_forbidden, input_value=1.0, input_type=float]
    For further information visit https://errors.pydantic.dev/2.11/v/extra_forbidden
vector.dict[str,union[list[float],SparseVector,list[list[float]],Document,Image,InferenceObject]].sparse.InferenceObject.21676
  Extra inputs are not permitted [type=extra_forbidden, input_value=1.0, input_type=float]
    For further information visit https://errors.pydantic.dev/2.11/v/extra_forbidden
vector.dict[str,union[list[float],SparseVector,list[list[float]],Document,Image,InferenceObject]].sparse.InferenceObject.21761
  Extra inputs are not permitted [type=extra_forbidden, input_value=1.0, input_type=float]
    For further information visit https://errors.pydantic.dev/2.11/v/extra_forbidden
vector.dict[str,union[list[float],SparseVector,list[list[float]],Document,Image,InferenceObject]].sparse.InferenceObject.27771
  Extra inputs are not permitted [type=extra_forbidden, input_value=1.0, input_type=float]
    For further information visit https://errors.pydantic.dev/2.11/v/extra_forbidden
vector.dict[str,union[list[float],SparseVector,list[list[float]],Document,Image,InferenceObject]].sparse.InferenceObject.29191
  Extra inputs are not permitted [type=extra_forbidden, input_value=1.0, input_type=float]
    For further information visit https://errors.pydantic.dev/2.11/v/extra_forbidden
vector.dict[str,union[list[float],SparseVector,list[list[float]],Document,Image,InferenceObject]].sparse.InferenceObject.29613
  Extra inputs are not permitted [type=extra_forbidden, input_value=1.0, input_type=float]
    For further information visit https://errors.pydantic.dev/2.11/v/extra_forbidden
vector.dict[str,union[list[float],SparseVector,list[list[float]],Document,Image,InferenceObject]].sparse.InferenceObject.29859
  Extra inputs are not permitted [type=extra_forbidden, input_value=1.0, input_type=float]
    For further information visit https://errors.pydantic.dev/2.11/v/extra_forbidden
vector.dict[str,union[list[float],SparseVector,list[list[float]],Document,Image,InferenceObject]].sparse.InferenceObject.31958
  Extra inputs are not permitted [type=extra_forbidden, input_value=1.0, input_type=float]
    For further information visit https://errors.pydantic.dev/2.11/v/extra_forbidden
vector.dict[str,union[list[float],SparseVector,list[list[float]],Document,Image,InferenceObject]].sparse.InferenceObject.34430
  Extra inputs are not permitted [type=extra_forbidden, input_value=1.0, input_type=float]
    For further information visit https://errors.pydantic.dev/2.11/v/extra_forbidden
vector.dict[str,union[list[float],SparseVector,list[list[float]],Document,Image,InferenceObject]].sparse.InferenceObject.35275
  Extra inputs are not permitted [type=extra_forbidden, input_value=1.0, input_type=float]
    For further information visit https://errors.pydantic.dev/2.11/v/extra_forbidden
vector.dict[str,union[list[float],SparseVector,list[list[float]],Document,Image,InferenceObject]].sparse.InferenceObject.36078
  Extra inputs are not permitted [type=extra_forbidden, input_value=1.0, input_type=float]
    For further information visit https://errors.pydantic.dev/2.11/v/extra_forbidden
vector.dict[str,union[list[float],SparseVector,list[list[float]],Document,Image,InferenceObject]].sparse.InferenceObject.39175
  Extra inputs are not permitted [type=extra_forbidden, input_value=1.0, input_type=float]
    For further information visit https://errors.pydantic.dev/2.11/v/extra_forbidden
vector.dict[str,union[list[float],SparseVector,list[list[float]],Document,Image,InferenceObject]].sparse.InferenceObject.39780
  Extra inputs are not permitted [type=extra_forbidden, input_value=1.0, input_type=float]
    For further information visit https://errors.pydantic.dev/2.11/v/extra_forbidden
vector.dict[str,union[list[float],SparseVector,list[list[float]],Document,Image,InferenceObject]].sparse.InferenceObject.49626
  Extra inputs are not permitted [type=extra_forbidden, input_value=1.0, input_type=float]
    For further information visit https://errors.pydantic.dev/2.11/v/extra_forbidden
vector.Document.text
  Field required [type=missing, input_value={'dense': [0.031305368989...80': 1.0, '49626': 1.0}}, input_type=dict]
    For further information visit https://errors.pydantic.dev/2.11/v/missing
vector.Document.model
  Field required [type=missing, input_value={'dense': [0.031305368989...80': 1.0, '49626': 1.0}}, input_type=dict]
    For further information visit https://errors.pydantic.dev/2.11/v/missing
vector.Document.dense
  Extra inputs are not permitted [type=extra_forbidden, input_value=[0.03130536898970604, 0.0...64, 0.03449035808444023], input_type=list]
    For further information visit https://errors.pydantic.dev/2.11/v/extra_forbidden
vector.Document.sparse
  Extra inputs are not permitted [type=extra_forbidden, input_value={'853': 1.0, '3563': 1.0,...780': 1.0, '49626': 1.0}, input_type=dict]
    For further information visit https://errors.pydantic.dev/2.11/v/extra_forbidden
vector.Image.image
  Field required [type=missing, input_value={'dense': [0.031305368989...80': 1.0, '49626': 1.0}}, input_type=dict]
    For further information visit https://errors.pydantic.dev/2.11/v/missing
vector.Image.model
  Field required [type=missing, input_value={'dense': [0.031305368989...80': 1.0, '49626': 1.0}}, input_type=dict]
    For further information visit https://errors.pydantic.dev/2.11/v/missing
vector.Image.dense
  Extra inputs are not permitted [type=extra_forbidden, input_value=[0.03130536898970604, 0.0...64, 0.03449035808444023], input_type=list]
    For further information visit https://errors.pydantic.dev/2.11/v/extra_forbidden
vector.Image.sparse
  Extra inputs are not permitted [type=extra_forbidden, input_value={'853': 1.0, '3563': 1.0,...780': 1.0, '49626': 1.0}, input_type=dict]
    For further information visit https://errors.pydantic.dev/2.11/v/extra_forbidden
vector.InferenceObject.object
  Field required [type=missing, input_value={'dense': [0.031305368989...80': 1.0, '49626': 1.0}}, input_type=dict]
    For further information visit https://errors.pydantic.dev/2.11/v/missing
vector.InferenceObject.model
  Field required [type=missing, input_value={'dense': [0.031305368989...80': 1.0, '49626': 1.0}}, input_type=dict]
    For further information visit https://errors.pydantic.dev/2.11/v/missing
vector.InferenceObject.dense
  Extra inputs are not permitted [type=extra_forbidden, input_value=[0.03130536898970604, 0.0...64, 0.03449035808444023], input_type=list]
    For further information visit https://errors.pydantic.dev/2.11/v/extra_forbidden
vector.InferenceObject.sparse
  Extra inputs are not permitted [type=extra_forbidden, input_value={'853': 1.0, '3563': 1.0,...780': 1.0, '49626': 1.0}, input_type=dict]
    For further information visit https://errors.pydantic.dev/2.11/v/extra_forbidden
2025-10-17 15:46:35,666 | INFO     | Use pytorch device_name: cpu
2025-10-17 15:46:35,667 | INFO     | Load pretrained SentenceTransformer: intfloat/multilingual-e5-base
2025-10-17 15:46:39,569 | INFO     | HTTP Request: GET http://localhost:6333 "HTTP/1.1 200 OK"
2025-10-17 15:46:39,570 | INFO     | 🚀 Lancement du module d'indexation Qdrant
2025-10-17 15:46:39,584 | INFO     | HTTP Request: GET http://localhost:6333/collections/bofip_hybrid/exists "HTTP/1.1 200 OK"
2025-10-17 15:46:39,585 | INFO     | ✅ Collection 'bofip_hybrid' déjà existante.
2025-10-17 15:46:39,586 | INFO     | 📥 Début d’indexation de 3 documents dans 'bofip_hybrid'...
2025-10-17 15:46:39,691 | INFO     | HTTP Request: PUT http://localhost:6333/collections/bofip_hybrid/points?wait=true "HTTP/1.1 400 Bad Request"
2025-10-17 15:46:39,691 | ERROR    | ❌ Erreur pendant l’indexation : Unexpected Response: 400 (Bad Request)
Raw response content:
b'{"status":{"error":"Wrong input: Not existing vector name error: "},"time":0.007411512}'
